Arguments: 
  /usr/local/Cellar/node/14.13.0/bin/node /usr/local/Cellar/yarn/1.22.5/libexec/bin/yarn.js install

PATH: 
  /Users/josephromero/.rvm/gems/ruby-2.6.1/bin:/Users/josephromero/.rvm/gems/ruby-2.6.1@global/bin:/Users/josephromero/.rvm/rubies/ruby-2.6.1/bin:/Applications/Postgres.app/Contents/Versions/latest/bin:/usr/local:/usr/local/bin:/usr/local/sbin:/usr/bin:/usr/local/bin:/usr/bin:/bin:/usr/sbin:/sbin:/Users/josephromero/.rvm/gems/ruby-2.6.1/bin:/Users/josephromero/.rvm/gems/ruby-2.6.1@global/bin:/Users/josephromero/.rvm/rubies/ruby-2.6.1/bin:/Applications/Postgres.app/Contents/Versions/latest/bin:/usr/local:/usr/local/sbin:/Users/josephromero/.rvm/bin

Yarn version: 
  1.22.5

Node version: 
  14.13.0

Platform: 
  darwin x64

Trace: 
  SyntaxError: /Users/josephromero/Flatiron/code/react-components-as-routes-lab-onl01-seng-pt-041320/package.json: Unexpected token } in JSON at position 315
      at JSON.parse (<anonymous>)
      at /usr/local/Cellar/yarn/1.22.5/libexec/lib/cli.js:1625:59
      at Generator.next (<anonymous>)
      at step (/usr/local/Cellar/yarn/1.22.5/libexec/lib/cli.js:310:30)
      at /usr/local/Cellar/yarn/1.22.5/libexec/lib/cli.js:321:13

npm manifest: 
  {
    "name": "stuff",
    "version": "0.1.0",
    "private": true,
    "devDependencies": {
      "babel-preset-env": "^1.6.0",
      "extract-text-webpack-plugin": "^3.0.1",
      "html-webpack-plugin": "^2.30.1",
      "jsdom": "^9.9.1",
      "mocha": "^5.2.0",
      "react-scripts": "^3.4.4",
      "sinon": "^1.17.6",
      
      
    },
    "dependencies": {
      "babel-core": "^6.22.1",
      "babel-preset-airbnb": "^2.1.1",
      "babel-preset-env": "^1.6.0",
      "babel-preset-react": "^6.22.0",
      "babel-preset-stage-1": "^6.24.1",
      "chai": "^3.5.0",
      "cuid": "^1.3.8",
      "enzyme": "^3.1.0",
      "enzyme-adapter-react-16": "^1.15.5",
      "expect": "^21.2.1",
      "jquery": "^3.5.0",
      "marked": "^0.3.6",
      "mocha-multi": "^1.0.1",
      "react": "^16.0.0 ",
      "react-dom": "^16.4.2",
      "react-router-dom": "^4.2.2",
      "react-test-renderer": "^16.0.0",
      "sinon": "^1.17.7",
      "superagent": "^3.3.2"
    },
    "scripts": {
      "start": "react-scripts start",
      "build": "react-scripts build",
      "test": "mocha --timeout 5000 test/root.js test/*.js",
      "dev:hot": "webpack-dev-server --hot --inline --progress --colors --watch --display-error-details --display-cached --content-base ./",
      "test:watch": "npm run test -- --watch",
      "eject": "react-scripts eject"
    }
  }

yarn manifest: 
  No manifest

Lockfile: 
  No lockfile
